0 info it worked if it ends with ok
1 verbose cli [ '/usr/bin/node',
1 verbose cli   '/bin/npm',
1 verbose cli   'i',
1 verbose cli   '-D',
1 verbose cli   'grunt',
1 verbose cli   'grunt-contrib-csslint' ]
2 info using npm@3.10.10
3 info using node@v6.10.1
4 silly loadCurrentTree Starting
5 silly install loadCurrentTree
6 silly install readLocalPackageData
7 silly fetchPackageMetaData grunt
8 silly fetchPackageMetaData grunt-contrib-csslint
9 silly fetchNamedPackageData grunt
10 silly mapToRegistry name grunt
11 silly mapToRegistry using default registry
12 silly mapToRegistry registry https://registry.npmjs.org/
13 silly mapToRegistry data Result {
13 silly mapToRegistry   raw: 'grunt',
13 silly mapToRegistry   scope: null,
13 silly mapToRegistry   escapedName: 'grunt',
13 silly mapToRegistry   name: 'grunt',
13 silly mapToRegistry   rawSpec: '',
13 silly mapToRegistry   spec: 'latest',
13 silly mapToRegistry   type: 'tag' }
14 silly mapToRegistry uri https://registry.npmjs.org/grunt
15 silly fetchNamedPackageData grunt-contrib-csslint
16 silly mapToRegistry name grunt-contrib-csslint
17 silly mapToRegistry using default registry
18 silly mapToRegistry registry https://registry.npmjs.org/
19 silly mapToRegistry data Result {
19 silly mapToRegistry   raw: 'grunt-contrib-csslint',
19 silly mapToRegistry   scope: null,
19 silly mapToRegistry   escapedName: 'grunt-contrib-csslint',
19 silly mapToRegistry   name: 'grunt-contrib-csslint',
19 silly mapToRegistry   rawSpec: '',
19 silly mapToRegistry   spec: 'latest',
19 silly mapToRegistry   type: 'tag' }
20 silly mapToRegistry uri https://registry.npmjs.org/grunt-contrib-csslint
21 verbose request uri https://registry.npmjs.org/grunt
22 verbose request no auth needed
23 info attempt registry request try #1 at 16:18:16
24 verbose request id 5d8d9decc9332bcb
25 http request GET https://registry.npmjs.org/grunt
26 verbose request uri https://registry.npmjs.org/grunt-contrib-csslint
27 verbose request no auth needed
28 info attempt registry request try #1 at 16:18:16
29 http request GET https://registry.npmjs.org/grunt-contrib-csslint
30 http 200 https://registry.npmjs.org/grunt
31 verbose headers { date: 'Tue, 05 Mar 2019 08:18:17 GMT',
31 verbose headers   'content-type': 'application/json',
31 verbose headers   'transfer-encoding': 'chunked',
31 verbose headers   connection: 'keep-alive',
31 verbose headers   'set-cookie': [ '__cfduid=df9a9081e606629721c3cef98920777441551773897; expires=Wed, 04-Mar-20 08:18:17 GMT; path=/; domain=.registry.npmjs.org; HttpOnly' ],
31 verbose headers   'cf-cache-status': 'HIT',
31 verbose headers   'cache-control': 'max-age=300',
31 verbose headers   'cf-ray': '4b2aa88b6e22b15e-HKG',
31 verbose headers   etag: 'W/"73cb2afabb1c1f10749849b3e2501aa4"',
31 verbose headers   'expect-ct': 'max-age=604800, report-uri="https://report-uri.cloudflare.com/cdn-cgi/beacon/expect-ct"',
31 verbose headers   'last-modified': 'Fri, 04 Jan 2019 00:45:29 GMT',
31 verbose headers   vary: 'accept-encoding, accept',
31 verbose headers   'x-amz-meta-rev': '1480-51004024d1e48c849f0192fdb9e465e5',
31 verbose headers   server: 'cloudflare',
31 verbose headers   'content-encoding': 'gzip' }
32 silly get cb [ 200,
32 silly get   { date: 'Tue, 05 Mar 2019 08:18:17 GMT',
32 silly get     'content-type': 'application/json',
32 silly get     'transfer-encoding': 'chunked',
32 silly get     connection: 'keep-alive',
32 silly get     'set-cookie': [ '__cfduid=df9a9081e606629721c3cef98920777441551773897; expires=Wed, 04-Mar-20 08:18:17 GMT; path=/; domain=.registry.npmjs.org; HttpOnly' ],
32 silly get     'cf-cache-status': 'HIT',
32 silly get     'cache-control': 'max-age=300',
32 silly get     'cf-ray': '4b2aa88b6e22b15e-HKG',
32 silly get     etag: 'W/"73cb2afabb1c1f10749849b3e2501aa4"',
32 silly get     'expect-ct': 'max-age=604800, report-uri="https://report-uri.cloudflare.com/cdn-cgi/beacon/expect-ct"',
32 silly get     'last-modified': 'Fri, 04 Jan 2019 00:45:29 GMT',
32 silly get     vary: 'accept-encoding, accept',
32 silly get     'x-amz-meta-rev': '1480-51004024d1e48c849f0192fdb9e465e5',
32 silly get     server: 'cloudflare',
32 silly get     'content-encoding': 'gzip' } ]
33 verbose get saving grunt to /root/.npm/registry.npmjs.org/grunt/.cache.json
34 verbose correctMkdir /root/.npm correctMkdir not in flight; initializing
35 http 200 https://registry.npmjs.org/grunt-contrib-csslint
36 verbose headers { date: 'Tue, 05 Mar 2019 08:18:18 GMT',
36 verbose headers   'content-type': 'application/json; charset=UTF-8',
36 verbose headers   'transfer-encoding': 'chunked',
36 verbose headers   connection: 'keep-alive',
36 verbose headers   'set-cookie': [ '__cfduid=de775ed5891a17fa335afd6bfb750ce2e1551773898; expires=Wed, 04-Mar-20 08:18:18 GMT; path=/; domain=.registry.npmjs.org; HttpOnly' ],
36 verbose headers   'cf-cache-status': 'HIT',
36 verbose headers   'cache-control': 'max-age=300',
36 verbose headers   'cf-ray': '4b2aa88e8e5cb747-HKG',
36 verbose headers   etag: 'W/"8ce4740290857477290af4ddfdac1189"',
36 verbose headers   'expect-ct': 'max-age=604800, report-uri="https://report-uri.cloudflare.com/cdn-cgi/beacon/expect-ct"',
36 verbose headers   'last-modified': 'Sun, 27 May 2018 02:52:08 GMT',
36 verbose headers   vary: 'accept-encoding, accept',
36 verbose headers   server: 'cloudflare',
36 verbose headers   'content-encoding': 'gzip' }
37 silly get cb [ 200,
37 silly get   { date: 'Tue, 05 Mar 2019 08:18:18 GMT',
37 silly get     'content-type': 'application/json; charset=UTF-8',
37 silly get     'transfer-encoding': 'chunked',
37 silly get     connection: 'keep-alive',
37 silly get     'set-cookie': [ '__cfduid=de775ed5891a17fa335afd6bfb750ce2e1551773898; expires=Wed, 04-Mar-20 08:18:18 GMT; path=/; domain=.registry.npmjs.org; HttpOnly' ],
37 silly get     'cf-cache-status': 'HIT',
37 silly get     'cache-control': 'max-age=300',
37 silly get     'cf-ray': '4b2aa88e8e5cb747-HKG',
37 silly get     etag: 'W/"8ce4740290857477290af4ddfdac1189"',
37 silly get     'expect-ct': 'max-age=604800, report-uri="https://report-uri.cloudflare.com/cdn-cgi/beacon/expect-ct"',
37 silly get     'last-modified': 'Sun, 27 May 2018 02:52:08 GMT',
37 silly get     vary: 'accept-encoding, accept',
37 silly get     server: 'cloudflare',
37 silly get     'content-encoding': 'gzip' } ]
38 verbose get saving grunt-contrib-csslint to /root/.npm/registry.npmjs.org/grunt-contrib-csslint/.cache.json
39 verbose correctMkdir /root/.npm correctMkdir not in flight; initializing
40 silly install normalizeTree
41 silly loadCurrentTree Finishing
42 silly loadIdealTree Starting
43 silly install loadIdealTree
44 silly cloneCurrentTree Starting
45 silly install cloneCurrentTreeToIdealTree
46 silly cloneCurrentTree Finishing
47 silly loadShrinkwrap Starting
48 silly install loadShrinkwrap
49 silly loadShrinkwrap Finishing
50 silly loadAllDepsIntoIdealTree Starting
51 silly install loadAllDepsIntoIdealTree
52 silly rollbackFailedOptional Starting
53 silly rollbackFailedOptional Finishing
54 silly runTopLevelLifecycles Finishing
55 silly install printInstalled
56 verbose stack Error: Refusing to install grunt as a dependency of itself
56 verbose stack     at checkSelf (/usr/lib/node_modules/npm/lib/install/validate-args.js:53:14)
56 verbose stack     at Array.<anonymous> (/usr/lib/node_modules/npm/node_modules/slide/lib/bind-actor.js:15:8)
56 verbose stack     at LOOP (/usr/lib/node_modules/npm/node_modules/slide/lib/chain.js:15:14)
56 verbose stack     at chain (/usr/lib/node_modules/npm/node_modules/slide/lib/chain.js:20:5)
56 verbose stack     at /usr/lib/node_modules/npm/lib/install/validate-args.js:16:5
56 verbose stack     at /usr/lib/node_modules/npm/node_modules/slide/lib/async-map.js:52:35
56 verbose stack     at Array.forEach (native)
56 verbose stack     at /usr/lib/node_modules/npm/node_modules/slide/lib/async-map.js:52:11
56 verbose stack     at Array.forEach (native)
56 verbose stack     at asyncMap (/usr/lib/node_modules/npm/node_modules/slide/lib/async-map.js:51:8)
57 verbose cwd /home/wangding/grunt-demo/grunt
58 error Linux 3.10.0-514.el7.x86_64
59 error argv "/usr/bin/node" "/bin/npm" "i" "-D" "grunt" "grunt-contrib-csslint"
60 error node v6.10.1
61 error npm  v3.10.10
62 error code ENOSELF
63 error Refusing to install grunt as a dependency of itself
64 error If you need help, you may report this error at:
64 error     <https://github.com/npm/npm/issues>
65 verbose exit [ 1, true ]
